<?xml version="1.0" encoding="UTF-8"?>
<testng-results skipped="0" failed="0" ignored="0" total="1" passed="1">
  <reporter-output>
  </reporter-output>
  <suite name="Default suite" duration-ms="2300" started-at="2021-05-03T18:36:07Z" finished-at="2021-05-03T18:36:09Z">
    <groups>
    </groups>
    <test name="Default test" duration-ms="2300" started-at="2021-05-03T18:36:07Z" finished-at="2021-05-03T18:36:09Z">
      <class name="TestCases.GET_or_Read_A_Product">
        <test-method status="PASS" signature="read_All_Products()[pri:0, instance:TestCases.GET_or_Read_A_Product@4e91d63f]" name="read_All_Products" duration-ms="2283" started-at="2021-05-03T18:36:07Z" finished-at="2021-05-03T18:36:09Z">
          <reporter-output>
          </reporter-output>
        </test-method> <!-- read_All_Products -->
      </class> <!-- TestCases.GET_or_Read_A_Product -->
    </test> <!-- Default test -->
  </suite> <!-- Default suite -->
</testng-results>
